d:\kdu\3d game programming\tutorial\shader_texturing\shader_texturing\debug\demo.obj
d:\kdu\3d game programming\tutorial\shader_texturing\shader_texturing\debug\vc100.pdb
d:\kdu\3d game programming\tutorial\shader_texturing\shader_texturing\debug\geometry_utils.obj
d:\kdu\3d game programming\tutorial\shader_texturing\shader_texturing\debug\matrix.obj
d:\kdu\3d game programming\tutorial\shader_texturing\shader_texturing\debug\vector.obj
d:\kdu\3d game programming\tutorial\shader_texturing\debug\shader_texturing.ilk
d:\kdu\3d game programming\tutorial\shader_texturing\debug\shader_texturing.exe
d:\kdu\3d game programming\tutorial\shader_texturing\shader_texturing\debug\shader_texturing.exe.intermediate.manifest
d:\kdu\3d game programming\tutorial\shader_texturing\debug\shader_texturing.pdb
d:\kdu\3d game programming\tutorial\shader_texturing\shader_texturing\debug\shader_texturing.exe.embed.manifest
d:\kdu\3d game programming\tutorial\shader_texturing\shader_texturing\debug\shader_texturing.exe.embed.manifest.res
h:\desktop\hole\3d gp\shader_texturing0\shader_texturing\debug\vc141.pdb
h:\desktop\hole\3d gp\shader_texturing0\shader_texturing\debug\vc141.idb
h:\desktop\hole\3d gp\shader_texturing0\shader_texturing\debug\vector.obj
h:\desktop\hole\3d gp\shader_texturing0\shader_texturing\debug\matrix.obj
h:\desktop\hole\3d gp\shader_texturing0\shader_texturing\debug\geometry_utils.obj
h:\desktop\hole\3d gp\shader_texturing0\shader_texturing\debug\demo.obj
h:\desktop\hole\3d gp\shader_texturing0\shader_texturing\debug\shader_texturing.vcxprojresolveassemblyreference.cache
h:\desktop\hole\3d gp\shader_texturing0\shader_texturing\debug\cl.command.1.tlog
h:\desktop\hole\3d gp\shader_texturing0\shader_texturing\debug\cl.read.1.tlog
h:\desktop\hole\3d gp\shader_texturing0\shader_texturing\debug\cl.write.1.tlog
h:\desktop\hole\3d gp\shader_texturing0\shader_texturing\debug\link-cvtres.read.1.tlog
h:\desktop\hole\3d gp\shader_texturing0\shader_texturing\debug\link-cvtres.write.1.tlog
h:\desktop\hole\3d gp\shader_texturing0\shader_texturing\debug\link.4104-cvtres.read.1.tlog
h:\desktop\hole\3d gp\shader_texturing0\shader_texturing\debug\link.4104-cvtres.write.1.tlog
h:\desktop\hole\3d gp\shader_texturing0\shader_texturing\debug\link.4104.read.1.tlog
h:\desktop\hole\3d gp\shader_texturing0\shader_texturing\debug\link.4104.write.1.tlog
h:\desktop\hole\3d gp\shader_texturing0\shader_texturing\debug\link.4192-cvtres.read.1.tlog
h:\desktop\hole\3d gp\shader_texturing0\shader_texturing\debug\link.4192-cvtres.write.1.tlog
h:\desktop\hole\3d gp\shader_texturing0\shader_texturing\debug\link.4192.read.1.tlog
h:\desktop\hole\3d gp\shader_texturing0\shader_texturing\debug\link.4192.write.1.tlog
h:\desktop\hole\3d gp\shader_texturing0\shader_texturing\debug\link.4372-cvtres.read.1.tlog
h:\desktop\hole\3d gp\shader_texturing0\shader_texturing\debug\link.4372-cvtres.write.1.tlog
h:\desktop\hole\3d gp\shader_texturing0\shader_texturing\debug\link.4372.read.1.tlog
h:\desktop\hole\3d gp\shader_texturing0\shader_texturing\debug\link.4372.write.1.tlog
h:\desktop\hole\3d gp\shader_texturing0\shader_texturing\debug\link.command.1.tlog
h:\desktop\hole\3d gp\shader_texturing0\shader_texturing\debug\link.read.1.tlog
h:\desktop\hole\3d gp\shader_texturing0\shader_texturing\debug\link.write.1.tlog
h:\desktop\hole\3d gp\shader_texturing0\shader_texturing\debug\mt.command.1.tlog
h:\desktop\hole\3d gp\shader_texturing0\shader_texturing\debug\mt.read.1.tlog
h:\desktop\hole\3d gp\shader_texturing0\shader_texturing\debug\mt.write.1.tlog
h:\desktop\hole\3d gp\shader_texturing0\shader_texturing\debug\rc.command.1.tlog
h:\desktop\hole\3d gp\shader_texturing0\shader_texturing\debug\rc.read.1.tlog
h:\desktop\hole\3d gp\shader_texturing0\shader_texturing\debug\rc.write.1.tlog
h:\desktop\hole\3d gp\shader_texturing0\shader_texturing\debug\shader_texturing.write.1.tlog
h:\desktop\hole\3d gp\shader_texturing0\shader_texturing\debug\shader_texturing.exe.embed.manifest
h:\desktop\hole\3d gp\shader_texturing0\shader_texturing\debug\shader_texturing.exe.intermediate.manifest
h:\desktop\hole\3d gp\shader_texturing0\shader_texturing\debug\shader_texturing.exe.embed.manifest.res
h:\desktop\hole\3d gp\shader_texturing0\shader_texturing\debug\shader_texturing_manifest.rc
h:\desktop\hole\3d gp\shader_texturing0\debug\shader_texturing.pdb
h:\desktop\hole\3d gp\shader_texturing0\shader_texturing\debug\shader_texturing.tlog\cl.command.1.tlog
h:\desktop\hole\3d gp\shader_texturing0\shader_texturing\debug\shader_texturing.tlog\cl.read.1.tlog
h:\desktop\hole\3d gp\shader_texturing0\shader_texturing\debug\shader_texturing.tlog\cl.write.1.tlog
h:\desktop\hole\3d gp\shader_texturing0\shader_texturing\debug\shader_texturing.tlog\link-cvtres.read.1.tlog
h:\desktop\hole\3d gp\shader_texturing0\shader_texturing\debug\shader_texturing.tlog\link-cvtres.write.1.tlog
h:\desktop\hole\3d gp\shader_texturing0\shader_texturing\debug\shader_texturing.tlog\link-rc.read.1.tlog
h:\desktop\hole\3d gp\shader_texturing0\shader_texturing\debug\shader_texturing.tlog\link-rc.write.1.tlog
h:\desktop\hole\3d gp\shader_texturing0\shader_texturing\debug\shader_texturing.tlog\link.3156-cvtres.read.1.tlog
h:\desktop\hole\3d gp\shader_texturing0\shader_texturing\debug\shader_texturing.tlog\link.3156-cvtres.write.1.tlog
h:\desktop\hole\3d gp\shader_texturing0\shader_texturing\debug\shader_texturing.tlog\link.3156-rc.read.1.tlog
h:\desktop\hole\3d gp\shader_texturing0\shader_texturing\debug\shader_texturing.tlog\link.3156-rc.write.1.tlog
h:\desktop\hole\3d gp\shader_texturing0\shader_texturing\debug\shader_texturing.tlog\link.3156.read.1.tlog
h:\desktop\hole\3d gp\shader_texturing0\shader_texturing\debug\shader_texturing.tlog\link.3156.write.1.tlog
h:\desktop\hole\3d gp\shader_texturing0\shader_texturing\debug\shader_texturing.tlog\link.command.1.tlog
h:\desktop\hole\3d gp\shader_texturing0\shader_texturing\debug\shader_texturing.tlog\link.read.1.tlog
h:\desktop\hole\3d gp\shader_texturing0\shader_texturing\debug\shader_texturing.tlog\link.write.1.tlog
