d:\kdu\graphics programming\tutorial\opengl_blend\opengl_blend\debug\main.obj
d:\kdu\graphics programming\tutorial\opengl_blend\opengl_blend\debug\matrix.obj
d:\kdu\graphics programming\tutorial\opengl_blend\opengl_blend\debug\vc100.pdb
d:\kdu\graphics programming\tutorial\opengl_blend\debug\opengl_blend.ilk
d:\kdu\graphics programming\tutorial\opengl_blend\debug\opengl_blend.exe
d:\kdu\graphics programming\tutorial\opengl_blend\opengl_blend\debug\opengl_blend.exe.intermediate.manifest
d:\kdu\graphics programming\tutorial\opengl_blend\debug\opengl_blend.pdb
d:\kdu\graphics programming\tutorial\opengl_blend\opengl_blend\debug\opengl_blend.exe.embed.manifest
d:\kdu\graphics programming\tutorial\opengl_blend\opengl_blend\debug\opengl_blend.exe.embed.manifest.res
f:\class\graphics programming\opengl_texture\opengl_blend\debug\opengl_blend.vcxprojresolveassemblyreference.cache
f:\class\graphics programming\opengl_texture\opengl_blend\debug\cl.command.1.tlog
f:\class\graphics programming\opengl_texture\opengl_blend\debug\cl.read.1.tlog
f:\class\graphics programming\opengl_texture\opengl_blend\debug\cl.write.1.tlog
f:\class\graphics programming\opengl_texture\opengl_blend\debug\link-cvtres.read.1.tlog
f:\class\graphics programming\opengl_texture\opengl_blend\debug\link-cvtres.write.1.tlog
f:\class\graphics programming\opengl_texture\opengl_blend\debug\link.2472-cvtres.read.1.tlog
f:\class\graphics programming\opengl_texture\opengl_blend\debug\link.2472-cvtres.write.1.tlog
f:\class\graphics programming\opengl_texture\opengl_blend\debug\link.2472.read.1.tlog
f:\class\graphics programming\opengl_texture\opengl_blend\debug\link.2472.write.1.tlog
f:\class\graphics programming\opengl_texture\opengl_blend\debug\link.5928-cvtres.read.1.tlog
f:\class\graphics programming\opengl_texture\opengl_blend\debug\link.5928-cvtres.write.1.tlog
f:\class\graphics programming\opengl_texture\opengl_blend\debug\link.5928.read.1.tlog
f:\class\graphics programming\opengl_texture\opengl_blend\debug\link.5928.write.1.tlog
f:\class\graphics programming\opengl_texture\opengl_blend\debug\link.764-cvtres.read.1.tlog
f:\class\graphics programming\opengl_texture\opengl_blend\debug\link.764-cvtres.write.1.tlog
f:\class\graphics programming\opengl_texture\opengl_blend\debug\link.764.read.1.tlog
f:\class\graphics programming\opengl_texture\opengl_blend\debug\link.764.write.1.tlog
f:\class\graphics programming\opengl_texture\opengl_blend\debug\link.command.1.tlog
f:\class\graphics programming\opengl_texture\opengl_blend\debug\link.read.1.tlog
f:\class\graphics programming\opengl_texture\opengl_blend\debug\link.write.1.tlog
f:\class\graphics programming\opengl_texture\opengl_blend\debug\mt.command.1.tlog
f:\class\graphics programming\opengl_texture\opengl_blend\debug\mt.read.1.tlog
f:\class\graphics programming\opengl_texture\opengl_blend\debug\mt.write.1.tlog
f:\class\graphics programming\opengl_texture\opengl_blend\debug\opengl_blend.write.1.tlog
f:\class\graphics programming\opengl_texture\opengl_blend\debug\rc.command.1.tlog
f:\class\graphics programming\opengl_texture\opengl_blend\debug\rc.read.1.tlog
f:\class\graphics programming\opengl_texture\opengl_blend\debug\rc.write.1.tlog
f:\class\graphics programming\opengl_texture\opengl_blend\debug\opengl_blend.exe.embed.manifest
f:\class\graphics programming\opengl_texture\opengl_blend\debug\opengl_blend.exe.intermediate.manifest
f:\class\graphics programming\opengl_texture\opengl_blend\debug\opengl_blend.exe.embed.manifest.res
f:\class\graphics programming\opengl_texture\opengl_blend\debug\opengl_blend_manifest.rc
f:\class\graphics programming\opengl_texture\debug\opengl_blend.exe
